GeneticCode 1: Standard
Codon to AA mapping:
  TTT -> F
  TTC -> F
  TTA -> L
  TTG -> L
  TCT -> S
  TCC -> S
  TCA -> S
  TCG -> S
  TAT -> Y
  TAC -> Y
  TAA -> *
  TAG -> *
  TGT -> C
  TGC -> C
  TGA -> *
  TGG -> W
  CTT -> L
  CTC -> L
  CTA -> L
  CTG -> L
  CCT -> P
  CCC -> P
  CCA -> P
  CCG -> P
  CAT -> H
  CAC -> H
  CAA -> Q
  CAG -> Q
  CGT -> R
  CGC -> R
  CGA -> R
  CGG -> R
  ATT -> I
  ATC -> I
  ATA -> I
  ATG -> M
  ACT -> T
  ACC -> T
  ACA -> T
  ACG -> T
  AAT -> N
  AAC -> N
  AAA -> K
  AAG -> K
  AGT -> S
  AGC -> S
  AGA -> R
  AGG -> R
  GTT -> V
  GTC -> V
  GTA -> V
  GTG -> V
  GCT -> A
  GCC -> A
  GCA -> A
  GCG -> A
  GAT -> D
  GAC -> D
  GAA -> E
  GAG -> E
  GGT -> G
  GGC -> G
  GGA -> G
  GGG -> G

Before deleting ambiguous sites and stop codons:
Number of taxa: 11. They are: human-ECP, chimp-ECP, gorilla-ECP, orangutan-ECP, macaque-ECP, human-EDN, chimp-EDN, gorilla-EDN, organgutan-EDN, macaque-EDN, tamarin-EDN
Length of sequences: 471

After deleting ambiguous sites and stop codons:
Length of sequences: 471

Further after deleting codons with no valid mutational pathway between any pair of sequences:
Length of sequences: 471

Pairwise n between sequences:
	human-ECP	chimp-ECP	gorilla-ECP	orangutan-ECP	macaque-ECP	human-EDN	chimp-EDN	gorilla-EDN	organgutan-EDN	macaque-EDN	tamarin-EDN
human-ECP	0.000000000	3.000000000	3.000000000	24.000000000	19.000000000	54.000000000	54.000000000	53.000000000	53.000000000	57.000000000	62.916666667
chimp-ECP	3.000000000	0.000000000	4.000000000	25.000000000	20.500000000	53.500000000	53.000000000	52.500000000	52.500000000	56.500000000	62.416666667
gorilla-ECP	3.000000000	4.000000000	0.000000000	25.000000000	20.000000000	55.000000000	55.000000000	54.000000000	54.000000000	58.000000000	65.916666667
orangutan-ECP	24.000000000	25.000000000	25.000000000	0.000000000	33.000000000	49.333333333	49.333333333	48.333333333	47.833333333	53.000000000	58.083333333
macaque-ECP	19.000000000	20.500000000	20.000000000	33.000000000	0.000000000	60.833333333	61.833333333	59.833333333	60.833333333	63.833333333	71.750000000
human-EDN	54.000000000	53.500000000	55.000000000	49.333333333	60.833333333	0.000000000	1.000000000	1.000000000	12.000000000	28.000000000	50.333333333
chimp-EDN	54.000000000	53.000000000	55.000000000	49.333333333	61.833333333	1.000000000	0.000000000	2.000000000	13.000000000	29.000000000	51.333333333
gorilla-EDN	53.000000000	52.500000000	54.000000000	48.333333333	59.833333333	1.000000000	2.000000000	0.000000000	13.000000000	29.000000000	49.666666667
organgutan-EDN	53.000000000	52.500000000	54.000000000	47.833333333	60.833333333	12.000000000	13.000000000	13.000000000	0.000000000	29.000000000	50.333333333
macaque-EDN	57.000000000	56.500000000	58.000000000	53.000000000	63.833333333	28.000000000	29.000000000	29.000000000	29.000000000	0.000000000	58.333333333
tamarin-EDN	62.916666667	62.416666667	65.916666667	58.083333333	71.750000000	50.333333333	51.333333333	49.666666667	50.333333333	58.333333333	0.000000000

Pairwise s between sequences:
	human-ECP	chimp-ECP	gorilla-ECP	orangutan-ECP	macaque-ECP	human-EDN	chimp-EDN	gorilla-EDN	organgutan-EDN	macaque-EDN	tamarin-EDN
human-ECP	0.000000000	1.000000000	1.000000000	2.000000000	7.000000000	15.000000000	14.000000000	14.000000000	14.000000000	20.000000000	19.083333333
chimp-ECP	1.000000000	0.000000000	2.000000000	3.000000000	7.500000000	15.500000000	15.000000000	14.500000000	14.500000000	20.500000000	19.583333333
gorilla-ECP	1.000000000	2.000000000	0.000000000	3.000000000	8.000000000	16.000000000	15.000000000	15.000000000	15.000000000	21.000000000	19.083333333
orangutan-ECP	2.000000000	3.000000000	3.000000000	0.000000000	9.000000000	15.666666667	14.666666667	14.666666667	15.166666667	20.000000000	20.916666667
macaque-ECP	7.000000000	7.500000000	8.000000000	9.000000000	0.000000000	19.166666667	17.166666667	17.166666667	17.166666667	22.166666667	22.250000000
human-EDN	15.000000000	15.500000000	16.000000000	15.666666667	19.166666667	0.000000000	3.000000000	4.000000000	10.000000000	23.000000000	24.666666667
chimp-EDN	14.000000000	15.000000000	15.000000000	14.666666667	17.166666667	3.000000000	0.000000000	3.000000000	8.000000000	21.000000000	22.666666667
gorilla-EDN	14.000000000	14.500000000	15.000000000	14.666666667	17.166666667	4.000000000	3.000000000	0.000000000	10.000000000	21.000000000	22.333333333
organgutan-EDN	14.000000000	14.500000000	15.000000000	15.166666667	17.166666667	10.000000000	8.000000000	10.000000000	0.000000000	21.000000000	25.666666667
macaque-EDN	20.000000000	20.500000000	21.000000000	20.000000000	22.166666667	23.000000000	21.000000000	21.000000000	21.000000000	0.000000000	28.666666667
tamarin-EDN	19.083333333	19.583333333	19.083333333	20.916666667	22.250000000	24.666666667	22.666666667	22.333333333	25.666666667	28.666666667	0.000000000

Mutation spectrum:
  AT -> TA relative mutation rate: 0.3333333333333333
  AT -> CG relative mutation rate: 0.3333333333333333
  AT -> GC relative mutation rate: 0.3333333333333333
  CG -> TA relative mutation rate: 0.3333333333333333
  CG -> AT relative mutation rate: 0.3333333333333333
  CG -> GC relative mutation rate: 0.3333333333333333

sequence	N	S
human-ECP	345.000000000	110.666666667
chimp-ECP	345.333333333	110.000000000
gorilla-ECP	345.666666667	109.666666667
orangutan-ECP	344.666666667	111.333333333
macaque-ECP	341.666666667	112.666666667
human-EDN	351.333333333	101.666666667
chimp-EDN	351.333333333	101.666666667
gorilla-EDN	351.000000000	102.666666667
organgutan-EDN	352.666666667	103.333333333
macaque-EDN	351.000000000	102.666666667
tamarin-EDN	347.333333333	106.666666667

Nonsynonymous p-distances (pN):
	human-ECP	chimp-ECP	gorilla-ECP	orangutan-ECP	macaque-ECP	human-EDN	chimp-EDN	gorilla-EDN	organgutan-EDN	macaque-EDN	tamarin-EDN
human-ECP	0.000000000	0.008691453	0.008687259	0.069598840	0.055339806	0.155098133	0.155098133	0.152298851	0.151935022	0.163793103	0.181752528
chimp-ECP	0.008691453	0.000000000	0.011577424	0.072463768	0.059679767	0.153588517	0.152153110	0.150789852	0.150429799	0.162278602	0.180221367
gorilla-ECP	0.008687259	0.011577424	0.000000000	0.072428778	0.058195926	0.157819225	0.157819225	0.155023923	0.154653938	0.166507177	0.190235690
orangutan-ECP	0.069598840	0.072463768	0.072428778	0.000000000	0.096163186	0.141762452	0.141762452	0.138955438	0.137189293	0.152371826	0.167870906
macaque-ECP	0.055339806	0.059679767	0.058195926	0.096163186	0.000000000	0.175565176	0.178451178	0.172762271	0.175228036	0.184311838	0.208272859
human-EDN	0.155098133	0.153588517	0.157819225	0.141762452	0.175565176	0.000000000	0.002846300	0.002847651	0.034090909	0.079734219	0.144083969
chimp-EDN	0.155098133	0.152153110	0.157819225	0.141762452	0.178451178	0.002846300	0.000000000	0.005695301	0.036931818	0.082581870	0.146946565
gorilla-EDN	0.152298851	0.150789852	0.155023923	0.138955438	0.172762271	0.002847651	0.005695301	0.000000000	0.036949313	0.082621083	0.142243437
organgutan-EDN	0.151935022	0.150429799	0.154653938	0.137189293	0.175228036	0.034090909	0.036931818	0.036949313	0.000000000	0.082425391	0.143809524
macaque-EDN	0.163793103	0.162278602	0.166507177	0.152371826	0.184311838	0.079734219	0.082581870	0.082621083	0.082425391	0.000000000	0.167064439
tamarin-EDN	0.181752528	0.180221367	0.190235690	0.167870906	0.208272859	0.144083969	0.146946565	0.142243437	0.143809524	0.167064439	0.000000000

Synonymous p-distances (pS):
	human-ECP	chimp-ECP	gorilla-ECP	orangutan-ECP	macaque-ECP	human-EDN	chimp-EDN	gorilla-EDN	organgutan-EDN	macaque-EDN	tamarin-EDN
human-ECP	0.000000000	0.009063444	0.009077156	0.018018018	0.062686567	0.141287284	0.131868132	0.131250000	0.130841121	0.187500000	0.175613497
chimp-ECP	0.009063444	0.000000000	0.018209408	0.027108434	0.067365269	0.146456693	0.141732283	0.136363636	0.135937500	0.192789969	0.180769231
gorilla-ECP	0.009077156	0.018209408	0.000000000	0.027149321	0.071964018	0.151419558	0.141955836	0.141287284	0.140845070	0.197802198	0.176425270
orangutan-ECP	0.018018018	0.027108434	0.027149321	0.000000000	0.080357143	0.147104851	0.137715180	0.137071651	0.141304348	0.186915888	0.191896024
macaque-ECP	0.062686567	0.067365269	0.071964018	0.080357143	0.000000000	0.178849145	0.160186625	0.159442724	0.158950617	0.205882353	0.202887538
human-EDN	0.141287284	0.146456693	0.151419558	0.147104851	0.178849145	0.000000000	0.029508197	0.039151713	0.097560976	0.225122349	0.236800000
chimp-EDN	0.131868132	0.141732283	0.141955836	0.137715180	0.160186625	0.029508197	0.000000000	0.029363785	0.078048780	0.205546493	0.217600000
gorilla-EDN	0.131250000	0.136363636	0.141287284	0.137071651	0.159442724	0.039151713	0.029363785	0.000000000	0.097087379	0.204545455	0.213375796
organgutan-EDN	0.130841121	0.135937500	0.140845070	0.141304348	0.158950617	0.097560976	0.078048780	0.097087379	0.000000000	0.203883495	0.244444444
macaque-EDN	0.187500000	0.192789969	0.197802198	0.186915888	0.205882353	0.225122349	0.205546493	0.204545455	0.203883495	0.000000000	0.273885350
tamarin-EDN	0.175613497	0.180769231	0.176425270	0.191896024	0.202887538	0.236800000	0.217600000	0.213375796	0.244444444	0.273885350	0.000000000

pN/pS:
	human-ECP	chimp-ECP	gorilla-ECP	orangutan-ECP	macaque-ECP	human-EDN	chimp-EDN	gorilla-EDN	organgutan-EDN	macaque-EDN	tamarin-EDN
human-ECP	0.000000000	0.958957026	0.957046332	3.862735621	0.882801664	1.097750120	1.176160843	1.160372195	1.161217664	0.873563218	1.034957625
chimp-ECP	0.958957026	0.000000000	0.635793536	2.673107890	0.885912987	1.048695786	1.073524721	1.105792245	1.106610019	0.841737790	0.996969263
gorilla-ECP	0.957046332	0.635793536	0.000000000	2.667793337	0.808680892	1.042264467	1.111748765	1.097224880	1.098042959	0.841786284	1.078279153
orangutan-ECP	3.862735621	2.673107890	2.667793337	0.000000000	1.196697426	0.963683052	1.029388715	1.013743085	0.970878070	0.815189267	0.874801373
macaque-ECP	0.882801664	0.885912987	0.808680892	1.196697426	0.000000000	0.981638329	1.114020464	1.083538129	1.102405511	0.895228929	1.026543381
human-EDN	1.097750120	1.048695786	1.042264467	0.963683052	0.981638329	0.000000000	0.096457938	0.072733745	0.349431818	0.354181713	0.608462709
chimp-EDN	1.176160843	1.073524721	1.111748765	1.029388715	1.114020464	0.096457938	0.000000000	0.193956652	0.473188920	0.401767351	0.675305905
gorilla-EDN	1.160372195	1.105792245	1.097224880	1.013743085	1.083538129	0.072733745	0.193956652	0.000000000	0.380577925	0.403925293	0.666633420
organgutan-EDN	1.161217664	1.106610019	1.098042959	0.970878070	1.102405511	0.349431818	0.473188920	0.380577925	0.000000000	0.404276917	0.588311688
macaque-EDN	0.873563218	0.841737790	0.841786284	0.815189267	0.895228929	0.354181713	0.401767351	0.403925293	0.404276917	0.000000000	0.609979464
tamarin-EDN	1.034957625	0.996969263	1.078279153	0.874801373	1.026543381	0.608462709	0.675305905	0.666633420	0.588311688	0.609979464	0.000000000

Nonsynonymous distances after Jukes-Cantor correction (dN):
	human-ECP	chimp-ECP	gorilla-ECP	orangutan-ECP	macaque-ECP	human-EDN	chimp-EDN	gorilla-EDN	organgutan-EDN	macaque-EDN	tamarin-EDN
human-ECP	0.000000000	0.008742207	0.008737963	0.073042981	0.057487807	0.173757558	0.173757558	0.170236746	0.169780349	0.184800310	0.208137144
chimp-ECP	0.008742207	0.000000000	0.011667712	0.076207632	0.062188208	0.171856777	0.170053892	0.168345628	0.167895105	0.182865138	0.206118963
gorilla-ECP	0.008737963	0.011667712	0.000000000	0.076168901	0.060577816	0.177195942	0.177195942	0.173664007	0.173197765	0.188280791	0.219418040
orangutan-ECP	0.073042981	0.076207632	0.076168901	0.000000000	0.102911555	0.157130773	0.157130773	0.153677488	0.151512836	0.170328321	0.190035729
macaque-ECP	0.057487807	0.062188208	0.060577816	0.102911555	0.000000000	0.200014922	0.203792475	0.196364263	0.199574872	0.211522673	0.243983072
human-EDN	0.173757558	0.171856777	0.177195942	0.157130773	0.200014922	0.000000000	0.002851714	0.002853070	0.034890012	0.084299164	0.159998845
chimp-EDN	0.173757558	0.170053892	0.177195942	0.157130773	0.203792475	0.002851714	0.000000000	0.005717036	0.037872123	0.087492357	0.163550549
gorilla-EDN	0.170236746	0.168345628	0.173664007	0.153677488	0.196364263	0.002853070	0.005717036	0.000000000	0.037890524	0.087536422	0.157724096
organgutan-EDN	0.169780349	0.167895105	0.173197765	0.151512836	0.199574872	0.034890012	0.037872123	0.037890524	0.000000000	0.087316536	0.159659215
macaque-EDN	0.184800310	0.182865138	0.188280791	0.170328321	0.211522673	0.084299164	0.087492357	0.087536422	0.087316536	0.000000000	0.188997417
tamarin-EDN	0.208137144	0.206118963	0.219418040	0.190035729	0.243983072	0.159998845	0.163550549	0.157724096	0.159659215	0.188997417	0.000000000

Synonymous distances after Jukes-Cantor correction (dS):
	human-ECP	chimp-ECP	gorilla-ECP	orangutan-ECP	macaque-ECP	human-EDN	chimp-EDN	gorilla-EDN	organgutan-EDN	macaque-EDN	tamarin-EDN
human-ECP	0.000000000	0.009118653	0.009132533	0.018237981	0.065462088	0.156545086	0.145028545	0.144278919	0.143783473	0.215761554	0.200078015
chimp-ECP	0.009118653	0.000000000	0.018434108	0.027610480	0.070584969	0.162941557	0.157093574	0.150503022	0.149982369	0.222848221	0.206840464
gorilla-ECP	0.009132533	0.018434108	0.000000000	0.027652902	0.075654637	0.169134214	0.157369267	0.156545086	0.156000428	0.229625165	0.201138730
orangutan-ECP	0.018237981	0.027610480	0.027652902	0.000000000	0.084996514	0.163747431	0.152156730	0.151368873	0.156566110	0.214983142	0.221645944
macaque-ECP	0.065462088	0.070584969	0.075654637	0.084996514	0.000000000	0.204314878	0.180200275	0.179254935	0.178630226	0.240680790	0.236564121
human-EDN	0.156545086	0.162941557	0.169134214	0.163747431	0.204314878	0.000000000	0.030104376	0.040210634	0.104516641	0.267681013	0.284555680
chimp-EDN	0.145028545	0.157093574	0.157369267	0.152156730	0.180200275	0.030104376	0.000000000	0.029954064	0.082415594	0.240217990	0.257008590
gorilla-EDN	0.144278919	0.150503022	0.156545086	0.151368873	0.179254935	0.040210634	0.029954064	0.000000000	0.103972423	0.238840298	0.251081373
organgutan-EDN	0.143783473	0.149982369	0.156000428	0.156566110	0.178630226	0.104516641	0.082415594	0.103972423	0.000000000	0.237930656	0.295811454
macaque-EDN	0.215761554	0.222848221	0.229625165	0.214983142	0.240680790	0.267681013	0.240217990	0.238840298	0.237930656	0.000000000	0.340810890
tamarin-EDN	0.200078015	0.206840464	0.201138730	0.221645944	0.236564121	0.284555680	0.257008590	0.251081373	0.295811454	0.340810890	0.000000000

dN/dS:
	human-ECP	chimp-ECP	gorilla-ECP	orangutan-ECP	macaque-ECP	human-EDN	chimp-EDN	gorilla-EDN	organgutan-EDN	macaque-EDN	tamarin-EDN
human-ECP	0.000000000	0.958716869	0.956795117	4.004992763	0.878184747	1.109952173	1.198092130	1.179914199	1.180805733	0.856502497	1.040279933
chimp-ECP	0.958716869	0.000000000	0.632941524	2.760098077	0.881040388	1.054714223	1.082500625	1.118553147	1.119432280	0.820581547	0.996511801
gorilla-ECP	0.956795117	0.632941524	0.000000000	2.754463229	0.800715179	1.047664678	1.125988227	1.109354574	1.110239034	0.819948418	1.090879119
orangutan-ECP	4.004992763	2.760098077	2.754463229	0.000000000	1.210773828	0.959592294	1.032690258	1.015251589	0.967724344	0.792286870	0.857384192
macaque-ECP	0.878184747	0.881040388	0.800715179	1.210773828	0.000000000	0.978954273	1.130922107	1.095446896	1.117251412	0.878851500	1.031361269
human-EDN	1.109952173	1.054714223	1.047664678	0.959592294	0.978954273	0.000000000	0.094727574	0.070953133	0.333822552	0.314923957	0.562276054
chimp-EDN	1.198092130	1.082500625	1.125988227	1.032690258	1.130922107	0.094727574	0.000000000	0.190860103	0.459526179	0.364220667	0.636362188
gorilla-EDN	1.179914199	1.118553147	1.109354574	1.015251589	1.095446896	0.070953133	0.190860103	0.000000000	0.364428598	0.366506084	0.628179199
organgutan-EDN	1.180805733	1.119432280	1.110239034	0.967724344	1.117251412	0.333822552	0.459526179	0.364428598	0.000000000	0.366983128	0.539733037
macaque-EDN	0.856502497	0.820581547	0.819948418	0.792286870	0.878851500	0.314923957	0.364220667	0.366506084	0.366983128	0.000000000	0.554552166
tamarin-EDN	1.040279933	0.996511801	1.090879119	0.857384192	1.031361269	0.562276054	0.636362188	0.628179199	0.539733037	0.554552166	0.000000000

